d:\googledrive\study\programming\open gl\최종프로젝트\최종프로젝트\debug\vc140.pdb
d:\googledrive\study\programming\open gl\최종프로젝트\최종프로젝트\debug\vc140.idb
d:\googledrive\study\programming\open gl\최종프로젝트\최종프로젝트\debug\basic.obj
d:\googledrive\study\programming\open gl\최종프로젝트\최종프로젝트\debug\character.obj
d:\googledrive\study\programming\open gl\최종프로젝트\최종프로젝트\debug\day.obj
d:\googledrive\study\programming\open gl\최종프로젝트\최종프로젝트\debug\gamestate.obj
d:\googledrive\study\programming\open gl\최종프로젝트\최종프로젝트\debug\main.obj
d:\googledrive\study\programming\open gl\최종프로젝트\최종프로젝트\debug\mainstate.obj
d:\googledrive\study\programming\open gl\최종프로젝트\최종프로젝트\debug\obstacle.obj
d:\googledrive\study\programming\open gl\최종프로젝트\최종프로젝트\debug\obs_pattern.obj
d:\googledrive\study\programming\open gl\최종프로젝트\최종프로젝트\debug\titlestate.obj
d:\googledrive\study\programming\open gl\최종프로젝트\debug\최종프로젝트.ilk
d:\googledrive\study\programming\open gl\최종프로젝트\debug\최종프로젝트.exe
d:\googledrive\study\programming\open gl\최종프로젝트\debug\최종프로젝트.pdb
c:\users\punch\desktop\컴그기말\최종프로젝트\최종프로젝트\debug\basic.obj
c:\users\punch\desktop\컴그기말\최종프로젝트\최종프로젝트\debug\character.obj
c:\users\punch\desktop\컴그기말\최종프로젝트\최종프로젝트\debug\day.obj
c:\users\punch\desktop\컴그기말\최종프로젝트\최종프로젝트\debug\gamestate.obj
c:\users\punch\desktop\컴그기말\최종프로젝트\최종프로젝트\debug\main.obj
c:\users\punch\desktop\컴그기말\최종프로젝트\최종프로젝트\debug\mainstate.obj
c:\users\punch\desktop\컴그기말\최종프로젝트\최종프로젝트\debug\obstacle.obj
c:\users\punch\desktop\컴그기말\최종프로젝트\최종프로젝트\debug\obs_pattern.obj
c:\users\punch\desktop\컴그기말\최종프로젝트\최종프로젝트\debug\titlestate.obj
c:\users\punch\desktop\컴그기말\최종프로젝트\최종프로젝트\debug\vc140.idb
c:\users\punch\desktop\컴그기말\최종프로젝트\최종프로젝트\debug\vc140.pdb
c:\users\punch\desktop\컴그기말\최종프로젝트\debug\최종프로젝트.pdb
c:\users\punch\desktop\컴그기말\최종프로젝트\debug\최종프로젝트.exe
c:\users\punch\desktop\컴그기말\최종프로젝트\debug\최종프로젝트.ilk
c:\users\punch\desktop\컴그기말\최종프로젝트\최종프로젝트\debug\최종프로젝트.tlog\cl.command.1.tlog
c:\users\punch\desktop\컴그기말\최종프로젝트\최종프로젝트\debug\최종프로젝트.tlog\cl.read.1.tlog
c:\users\punch\desktop\컴그기말\최종프로젝트\최종프로젝트\debug\최종프로젝트.tlog\cl.write.1.tlog
c:\users\punch\desktop\컴그기말\최종프로젝트\최종프로젝트\debug\최종프로젝트.tlog\link.command.1.tlog
c:\users\punch\desktop\컴그기말\최종프로젝트\최종프로젝트\debug\최종프로젝트.tlog\link.read.1.tlog
c:\users\punch\desktop\컴그기말\최종프로젝트\최종프로젝트\debug\최종프로젝트.tlog\link.write.1.tlog
